<?xml version="1.0" encoding="UTF-8"?>
<testsuite xmlns:xsi="http://www.w3.org/2001/XMLSchema-instance" xsi:noNamespaceSchemaLocation="https://maven.apache.org/surefire/maven-surefire-plugin/xsd/surefire-test-report-3.0.xsd" version="3.0" name="com.example.cardapio.CardapioApplicationTests" time="6.692" tests="1" errors="0" skipped="0" failures="0">
  <properties>
[...]
</properties>
  <testcase name="contextLoads" classname="com.example.cardapio.CardapioApplicationTests" time="1.936">
    <system-out><![CDATA[14:00:23.572 [main] INFO org.springframework.test.context.support.AnnotationConfigContextLoaderUtils -- Could not detect default configuration classes for test class [com.example.cardapio.CardapioApplicationTests]: CardapioApplicationTests does not declare any static, non-private, non-final, nested classes annotated with @Configuration.
14:00:23.852 [main] INFO org.springframework.boot.test.context.SpringBootTestContextBootstrapper -- Found @SpringBootConfiguration com.example.cardapio.CardapioApplication for test class com.example.cardapio.CardapioApplicationTests
14:00:24.299 [main] INFO org.springframework.boot.devtools.restart.RestartApplicationListener -- Restart disabled due to context in which it is running

  .   ____          _            __ _ _
 /\\ / ___'_ __ _ _(_)_ __  __ _ \ \ \ \
( ( )\___ | '_ | '_| | '_ \/ _` | \ \ \ \
 \\/  ___)| |_)| | | | | || (_| |  ) ) ) )
  '  |____| .__|_| |_|_| |_\__, | / / / /
 =========|_|==============|___/=/_/_/_/
 :: Spring Boot ::                (v3.2.3)

2024-03-10T14:00:24.904-03:00  INFO 9568 --- [           main] c.e.cardapio.CardapioApplicationTests    : Starting CardapioApplicationTests using Java 18.0.2 with PID 9568 (started by ramon in C:\Users\ramon\Desktop\cardapio)
2024-03-10T14:00:24.907-03:00  INFO 9568 --- [           main] c.e.cardapio.CardapioApplicationTests    : No active profile set, falling back to 1 default profile: "default"
2024-03-10T14:00:27.777-03:00  INFO 9568 --- [           main] c.e.cardapio.CardapioApplicationTests    : Started CardapioApplicationTests in 3.515 seconds (process running for 5.912)
]]></system-out>
  </testcase>
</testsuite>